[grow]   node=16624905383039181106 dir=vertical remaining=0.0 candidates=0
[grow]   node=12409114728039475025 dir=vertical remaining=-0.0 candidates=0
[grow]   node=11350110711914242702 dir=horizontal remaining=0.0 candidates=0
[grow]   node=16127780954075267023 dir=horizontal remaining=585.6 candidates=0
[grow]   node=1456753225106415475 dir=horizontal remaining=-764.7 candidates=2
[shrink] node=1456753225106415475 dir=horizontal remaining=-764.7 candidates=0
[grow]   node=6205695745939159866 dir=horizontal remaining=-10338.4 candidates=0
[shrink] node=6205695745939159866 dir=horizontal remaining=-10338.4 candidates=3
[shrink]   child=8046355418916108340 4031.3 -> 585.2
[shrink]   child=13854576979880412804 3544.8 -> 1247.3
[shrink]   child=5350857658170678731 3438.6 -> 1907.0
[shrink]   child=5350857658170678731 1907.0 -> 1247.3
[shrink]   child=5350857658170678731 1247.3 -> 446.1
[shrink]   child=13854576979880412804 1247.3 -> 446.1
[shrink]   child=8046355418916108340 585.2 -> 318.1
[shrink]   child=5350857658170678731 446.1 -> 268.1
[shrink]   child=13854576979880412804 446.1 -> 268.1
[shrink]   child=8046355418916108340 318.1 -> 258.8
[shrink]   child=5350857658170678731 268.1 -> 237.8
[shrink]   child=13854576979880412804 268.1 -> 228.5
[shrink]   child=8046355418916108340 258.8 -> 234.3
[shrink]   child=8046355418916108340 234.3 -> 233.9
[shrink]   child=13854576979880412804 228.5 -> 204.5
[grow]   node=8046355418916108340 dir=vertical remaining=0.0 candidates=0
[grow]   node=7264531286720414046 dir=horizontal remaining=80.0 candidates=0
[grow]   node=4353242938365283638 dir=horizontal remaining=188.8 candidates=0
[grow]   node=5350857658170678731 dir=vertical remaining=0.0 candidates=0
[grow]   node=9924015115013304483 dir=horizontal remaining=80.0 candidates=0
[grow]   node=7632494798758447403 dir=horizontal remaining=192.7 candidates=0
[grow]   node=13854576979880412804 dir=vertical remaining=0.0 candidates=0
[grow]   node=4772212039258027097 dir=horizontal remaining=80.0 candidates=0
[grow]   node=2547571453190247574 dir=horizontal remaining=159.4 candidates=0
[grow]   node=8068655846515800599 dir=horizontal remaining=-5602.0 candidates=0
[shrink] node=8068655846515800599 dir=horizontal remaining=-5602.0 candidates=3
[shrink]   child=10439936680753742859 2589.7 -> 1923.3
[shrink]   child=313533767432527354 1923.3 -> 278.1
[shrink]   child=10439936680753742859 1923.3 -> 278.1
[shrink]   child=5840020694960724245 1797.5 -> 1249.1
[shrink]   child=5840020694960724245 1249.1 -> 883.5
[shrink]   child=5840020694960724245 883.5 -> 639.7
[shrink]   child=5840020694960724245 639.7 -> 477.2
[shrink]   child=5840020694960724245 477.2 -> 368.9
[shrink]   child=5840020694960724245 368.9 -> 296.7
[shrink]   child=5840020694960724245 296.7 -> 278.1
[shrink]   child=313533767432527354 278.1 -> 259.2
[shrink]   child=10439936680753742859 278.1 -> 236.6
[shrink]   child=5840020694960724245 278.1 -> 236.2
[shrink]   child=5840020694960724245 236.2 -> 212.6
[grow]   node=313533767432527354 dir=vertical remaining=0.0 candidates=0
[grow]   node=14126856591505342570 dir=horizontal remaining=80.0 candidates=0
[grow]   node=7410406959698575227 dir=horizontal remaining=214.1 candidates=0
[grow]   node=10439936680753742859 dir=vertical remaining=0.0 candidates=0
[grow]   node=3974645492795370371 dir=horizontal remaining=80.0 candidates=0
[grow]   node=14516234496807054451 dir=horizontal remaining=191.5 candidates=0
[grow]   node=5840020694960724245 dir=vertical remaining=0.0 candidates=0
[grow]   node=8249945871540039025 dir=horizontal remaining=80.0 candidates=0
[grow]   node=12800205744447143616 dir=horizontal remaining=167.5 candidates=0
[grow]   node=16624905383039181106 dir=vertical remaining=0.0 candidates=0
[grow]   node=12409114728039475025 dir=vertical remaining=-0.0 candidates=0
[grow]   node=11350110711914242702 dir=horizontal remaining=0.0 candidates=0
[grow]   node=16127780954075267023 dir=horizontal remaining=585.6 candidates=0
[grow]   node=1456753225106415475 dir=horizontal remaining=-616.9 candidates=2
[shrink] node=1456753225106415475 dir=horizontal remaining=-616.9
